[08/02 20:34:50][INFO] train_net.py: 406: Train with config:
[08/02 20:34:50][INFO] train_net.py: 407: {'AUG': {'AA_TYPE': 'rand-m9-mstd0.5-inc1',
         'COLOR_JITTER': 0.4,
         'ENABLE': False,
         'INTERPOLATION': 'bicubic',
         'NUM_SAMPLE': 1,
         'RE_COUNT': 1,
         'RE_MODE': 'pixel',
         'RE_PROB': 0.25,
         'RE_SPLIT': False},
 'AVA': {'ANNOTATION_DIR': '/mnt/vol/gfsai-flash3-east/ai-group/users/haoqifan/ava/frame_list/',
         'BGR': False,
         'DETECTION_SCORE_THRESH': 0.9,
         'EXCLUSION_FILE': 'ava_val_excluded_timestamps_v2.2.csv',
         'FRAME_DIR': '/mnt/fair-flash3-east/ava_trainval_frames.img/',
         'FRAME_LIST_DIR': '/mnt/vol/gfsai-flash3-east/ai-group/users/haoqifan/ava/frame_list/',
         'FULL_TEST_ON_VAL': False,
         'GROUNDTRUTH_FILE': 'ava_val_v2.2.csv',
         'IMG_PROC_BACKEND': 'cv2',
         'LABEL_MAP_FILE': 'ava_action_list_v2.2_for_activitynet_2019.pbtxt',
         'TEST_FORCE_FLIP': False,
         'TEST_LISTS': ['val.csv'],
         'TEST_PREDICT_BOX_LISTS': ['ava_val_predicted_boxes.csv'],
         'TRAIN_GT_BOX_LISTS': ['ava_train_v2.2.csv'],
         'TRAIN_LISTS': ['train.csv'],
         'TRAIN_PCA_JITTER_ONLY': True,
         'TRAIN_PREDICT_BOX_LISTS': [],
         'TRAIN_USE_COLOR_AUGMENTATION': False},
 'BENCHMARK': CfgNode({'NUM_EPOCHS': 5, 'LOG_PERIOD': 100, 'SHUFFLE': True}),
 'BN': {'NORM_TYPE': 'sync_batchnorm',
        'NUM_BATCHES_PRECISE': 200,
        'NUM_SPLITS': 1,
        'NUM_SYNC_DEVICES': 4,
        'USE_PRECISE_STATS': True,
        'WEIGHT_DECAY': 0.0},
 'DATA': {'DECODING_BACKEND': 'pyav',
          'ENSEMBLE_METHOD': 'sum',
          'INPUT_CHANNEL_NUM': [3, 3],
          'INV_UNIFORM_SAMPLE': True,
          'MEAN': [0.45, 0.45, 0.45],
          'MULTI_LABEL': False,
          'NUM_FRAMES': 64,
          'PATH_LABEL_SEPARATOR': ' ',
          'PATH_PREFIX': '/nvidia/datasets/charades/data',
          'PATH_TO_DATA_DIR': '/nvidia/datasets/charades/fl',
          'PATH_TO_PRELOAD_IMDB': '',
          'RANDOM_FLIP': False,
          'REVERSE_INPUT_CHANNEL': True,
          'SAMPLING_RATE': 2,
          'STD': [0.225, 0.225, 0.225],
          'TARGET_FPS': 30,
          'TEST_CROP_SIZE': 256,
          'TRAIN_CROP_SIZE': 224,
          'TRAIN_JITTER_ASPECT_RELATIVE': [],
          'TRAIN_JITTER_MOTION_SHIFT': False,
          'TRAIN_JITTER_SCALES': [256, 320],
          'TRAIN_JITTER_SCALES_RELATIVE': [],
          'TRAIN_PCA_EIGVAL': [0.225, 0.224, 0.229],
          'TRAIN_PCA_EIGVEC': [[-0.5675, 0.7192, 0.4009],
                               [-0.5808, -0.0045, -0.814],
                               [-0.5836, -0.6948, 0.4203]],
          'USE_OFFSET_SAMPLING': False},
 'DATA_LOADER': {'ENABLE_MULTI_THREAD_DECODE': False,
                 'NUM_WORKERS': 4,
                 'PIN_MEMORY': True},
 'DEMO': {'BUFFER_SIZE': 0,
          'CLIP_VIS_SIZE': 10,
          'COMMON_CLASS_NAMES': ['watch (a person)',
                                 'talk to (e.g., self, a person, a group)',
                                 'listen to (a person)',
                                 'touch (an object)',
                                 'carry/hold (an object)',
                                 'walk',
                                 'sit',
                                 'lie/sleep',
                                 'bend/bow (at the waist)'],
          'COMMON_CLASS_THRES': 0.7,
          'DETECTRON2_CFG': 'COCO-Detection/faster_rcnn_R_50_FPN_3x.yaml',
          'DETECTRON2_THRESH': 0.9,
          'DETECTRON2_WEIGHTS': 'detectron2://COCO-Detection/faster_rcnn_R_50_FPN_3x/137849458/model_final_280758.pkl',
          'DISPLAY_HEIGHT': 0,
          'DISPLAY_WIDTH': 0,
          'ENABLE': False,
          'FPS': 30,
          'GT_BOXES': '',
          'INPUT_FORMAT': 'BGR',
          'INPUT_VIDEO': '',
          'LABEL_FILE_PATH': '',
          'NUM_CLIPS_SKIP': 0,
          'NUM_VIS_INSTANCES': 2,
          'OUTPUT_FILE': '',
          'OUTPUT_FPS': -1,
          'PREDS_BOXES': '',
          'SLOWMO': 1,
          'STARTING_SECOND': 900,
          'THREAD_ENABLE': False,
          'UNCOMMON_CLASS_THRES': 0.3,
          'VIS_MODE': 'thres',
          'WEBCAM': -1},
 'DETECTION': {'ALIGNED': True,
               'ENABLE': False,
               'ROI_XFORM_RESOLUTION': 7,
               'SPATIAL_SCALE_FACTOR': 16},
 'DIST_BACKEND': 'nccl',
 'LOG_MODEL_INFO': False,
 'LOG_PERIOD': 10,
 'MIXUP': {'ALPHA': 0.8,
           'CUTMIX_ALPHA': 1.0,
           'ENABLE': False,
           'LABEL_SMOOTH_VALUE': 0.1,
           'PROB': 1.0,
           'SWITCH_PROB': 0.5},
 'MODEL': {'ARCH': 'slowfast',
           'DROPCONNECT_RATE': 0.0,
           'DROPOUT_RATE': 0.5,
           'FC_INIT_STD': 0.01,
           'HEAD_ACT': 'softmax',
           'LOSS_FUNC': 'cross_entropy',
           'MODEL_NAME': 'SlowFast',
           'MULTI_PATHWAY_ARCH': ['slowfast'],
           'NUM_CLASSES': 174,
           'SINGLE_PATHWAY_ARCH': ['2d', 'c2d', 'i3d', 'slow', 'x3d', 'mvit']},
 'MULTIGRID': {'BN_BASE_SIZE': 8,
               'DEFAULT_B': 0,
               'DEFAULT_S': 0,
               'DEFAULT_T': 0,
               'EPOCH_FACTOR': 1.5,
               'EVAL_FREQ': 3,
               'LONG_CYCLE': False,
               'LONG_CYCLE_FACTORS': [(0.25, 0.7071067811865476),
                                      (0.5, 0.7071067811865476),
                                      (0.5, 1),
                                      (1, 1)],
               'LONG_CYCLE_SAMPLING_RATE': 0,
               'SHORT_CYCLE': False,
               'SHORT_CYCLE_FACTORS': [0.5, 0.7071067811865476]},
 'MVIT': {'CLS_EMBED_ON': True,
          'DEPTH': 16,
          'DIM_MUL': [],
          'DROPOUT_RATE': 0.0,
          'DROPPATH_RATE': 0.1,
          'EMBED_DIM': 96,
          'HEAD_MUL': [],
          'MLP_RATIO': 4.0,
          'MODE': 'conv',
          'NORM': 'layernorm',
          'NORM_STEM': False,
          'NUM_HEADS': 1,
          'PATCH_2D': False,
          'PATCH_KERNEL': [3, 7, 7],
          'PATCH_PADDING': [2, 4, 4],
          'PATCH_STRIDE': [2, 4, 4],
          'POOL_FIRST': False,
          'POOL_KVQ_KERNEL': None,
          'POOL_KV_STRIDE': None,
          'POOL_KV_STRIDE_ADAPTIVE': None,
          'POOL_Q_STRIDE': [],
          'QKV_BIAS': True,
          'SEP_POS_EMBED': False,
          'ZERO_DECAY_POS_CLS': True},
 'NONLOCAL': {'GROUP': [[1, 1], [1, 1], [1, 1], [1, 1]],
              'INSTANTIATION': 'dot_product',
              'LOCATION': [[[], []], [[], []], [[], []], [[], []]],
              'POOL': [[[1, 2, 2], [1, 2, 2]],
                       [[1, 2, 2], [1, 2, 2]],
                       [[1, 2, 2], [1, 2, 2]],
                       [[1, 2, 2], [1, 2, 2]]]},
 'NUM_GPUS': 1,
 'NUM_SHARDS': 1,
 'OUTPUT_DIR': '.',
 'RESNET': {'DEPTH': 50,
            'INPLACE_RELU': True,
            'NUM_BLOCK_TEMP_KERNEL': [[3, 3], [4, 4], [6, 6], [3, 3]],
            'NUM_GROUPS': 1,
            'SPATIAL_DILATIONS': [[1, 1], [1, 1], [1, 1], [1, 1]],
            'SPATIAL_STRIDES': [[1, 1], [2, 2], [2, 2], [2, 2]],
            'STRIDE_1X1': False,
            'TRANS_FUNC': 'bottleneck_transform',
            'WIDTH_PER_GROUP': 64,
            'ZERO_INIT_FINAL_BN': True},
 'RNG_SEED': 0,
 'SHARD_ID': 0,
 'SLOWFAST': {'ALPHA': 4,
              'BETA_INV': 8,
              'FUSION_CONV_CHANNEL_RATIO': 2,
              'FUSION_KERNEL_SZ': 7},
 'SOLVER': {'BASE_LR': 0.0125,
            'BASE_LR_SCALE_NUM_SHARDS': False,
            'CLIP_GRAD_L2NORM': None,
            'CLIP_GRAD_VAL': None,
            'COSINE_AFTER_WARMUP': False,
            'COSINE_END_LR': 0.0,
            'DAMPENING': 0.0,
            'GAMMA': 0.1,
            'LRS': [1, 0.1, 0.01, 0.001, 0.0001, 1e-05],
            'LR_POLICY': 'steps_with_relative_lrs',
            'MAX_EPOCH': 22,
            'MOMENTUM': 0.9,
            'NESTEROV': True,
            'OPTIMIZING_METHOD': 'sgd',
            'STEPS': [0, 14, 18],
            'STEP_SIZE': 1,
            'WARMUP_EPOCHS': 0.19,
            'WARMUP_FACTOR': 0.1,
            'WARMUP_START_LR': 0.0001,
            'WEIGHT_DECAY': 1e-06,
            'ZERO_WD_1D_PARAM': False},
 'TENSORBOARD': {'CATEGORIES_PATH': '',
                 'CLASS_NAMES_PATH': '',
                 'CONFUSION_MATRIX': {'ENABLE': False,
                                      'FIGSIZE': [8, 8],
                                      'SUBSET_PATH': ''},
                 'ENABLE': False,
                 'HISTOGRAM': {'ENABLE': False,
                               'FIGSIZE': [8, 8],
                               'SUBSET_PATH': '',
                               'TOPK': 10},
                 'LOG_DIR': '',
                 'MODEL_VIS': {'ACTIVATIONS': False,
                               'COLORMAP': 'Pastel2',
                               'ENABLE': False,
                               'GRAD_CAM': {'COLORMAP': 'viridis',
                                            'ENABLE': True,
                                            'LAYER_LIST': [],
                                            'USE_TRUE_LABEL': False},
                               'INPUT_VIDEO': False,
                               'LAYER_LIST': [],
                               'MODEL_WEIGHTS': False,
                               'TOPK_PREDS': 1},
                 'PREDICTIONS_PATH': '',
                 'WRONG_PRED_VIS': {'ENABLE': False,
                                    'SUBSET_PATH': '',
                                    'TAG': 'Incorrectly classified videos.'}},
 'TEST': {'BATCH_SIZE': 16,
          'CHECKPOINT_FILE_PATH': '',
          'CHECKPOINT_TYPE': 'pytorch',
          'DATASET': 'ssv2',
          'ENABLE': True,
          'NUM_ENSEMBLE_VIEWS': 1,
          'NUM_SPATIAL_CROPS': 1,
          'SAVE_RESULTS_PATH': ''},
 'TRAIN': {'AUTO_RESUME': True,
           'BATCH_SIZE': 8,
           'CHECKPOINT_CLEAR_NAME_PATTERN': (),
           'CHECKPOINT_EPOCH_RESET': False,
           'CHECKPOINT_FILE_PATH': 'SLOWFAST_8x8_R50.pkl',
           'CHECKPOINT_INFLATE': False,
           'CHECKPOINT_PERIOD': 2,
           'CHECKPOINT_TYPE': 'caffe2',
           'DATASET': 'ssv2',
           'ENABLE': True,
           'EVAL_PERIOD': 2},
 'X3D': {'BN_LIN5': False,
         'BOTTLENECK_FACTOR': 1.0,
         'CHANNELWISE_3x3x3': True,
         'DEPTH_FACTOR': 1.0,
         'DIM_C1': 12,
         'DIM_C5': 2048,
         'SCALE_RES2': False,
         'WIDTH_FACTOR': 1.0}}
[08/02 20:37:30][INFO] train_net.py: 406: Train with config:
[08/02 20:37:30][INFO] train_net.py: 407: {'AUG': {'AA_TYPE': 'rand-m9-mstd0.5-inc1',
         'COLOR_JITTER': 0.4,
         'ENABLE': False,
         'INTERPOLATION': 'bicubic',
         'NUM_SAMPLE': 1,
         'RE_COUNT': 1,
         'RE_MODE': 'pixel',
         'RE_PROB': 0.25,
         'RE_SPLIT': False},
 'AVA': {'ANNOTATION_DIR': '/mnt/vol/gfsai-flash3-east/ai-group/users/haoqifan/ava/frame_list/',
         'BGR': False,
         'DETECTION_SCORE_THRESH': 0.9,
         'EXCLUSION_FILE': 'ava_val_excluded_timestamps_v2.2.csv',
         'FRAME_DIR': '/mnt/fair-flash3-east/ava_trainval_frames.img/',
         'FRAME_LIST_DIR': '/mnt/vol/gfsai-flash3-east/ai-group/users/haoqifan/ava/frame_list/',
         'FULL_TEST_ON_VAL': False,
         'GROUNDTRUTH_FILE': 'ava_val_v2.2.csv',
         'IMG_PROC_BACKEND': 'cv2',
         'LABEL_MAP_FILE': 'ava_action_list_v2.2_for_activitynet_2019.pbtxt',
         'TEST_FORCE_FLIP': False,
         'TEST_LISTS': ['val.csv'],
         'TEST_PREDICT_BOX_LISTS': ['ava_val_predicted_boxes.csv'],
         'TRAIN_GT_BOX_LISTS': ['ava_train_v2.2.csv'],
         'TRAIN_LISTS': ['train.csv'],
         'TRAIN_PCA_JITTER_ONLY': True,
         'TRAIN_PREDICT_BOX_LISTS': [],
         'TRAIN_USE_COLOR_AUGMENTATION': False},
 'BENCHMARK': CfgNode({'NUM_EPOCHS': 5, 'LOG_PERIOD': 100, 'SHUFFLE': True}),
 'BN': {'NORM_TYPE': 'sync_batchnorm',
        'NUM_BATCHES_PRECISE': 200,
        'NUM_SPLITS': 1,
        'NUM_SYNC_DEVICES': 4,
        'USE_PRECISE_STATS': True,
        'WEIGHT_DECAY': 0.0},
 'DATA': {'DECODING_BACKEND': 'pyav',
          'ENSEMBLE_METHOD': 'max',
          'INPUT_CHANNEL_NUM': [3, 3],
          'INV_UNIFORM_SAMPLE': True,
          'MEAN': [0.45, 0.45, 0.45],
          'MULTI_LABEL': True,
          'NUM_FRAMES': 64,
          'PATH_LABEL_SEPARATOR': ' ',
          'PATH_PREFIX': '/nvidia/datasets/charades/data',
          'PATH_TO_DATA_DIR': '/nvidia/datasets/charades/fl',
          'PATH_TO_PRELOAD_IMDB': '',
          'RANDOM_FLIP': True,
          'REVERSE_INPUT_CHANNEL': True,
          'SAMPLING_RATE': 2,
          'STD': [0.225, 0.225, 0.225],
          'TARGET_FPS': 30,
          'TEST_CROP_SIZE': 256,
          'TRAIN_CROP_SIZE': 224,
          'TRAIN_JITTER_ASPECT_RELATIVE': [],
          'TRAIN_JITTER_MOTION_SHIFT': False,
          'TRAIN_JITTER_SCALES': [256, 340],
          'TRAIN_JITTER_SCALES_RELATIVE': [],
          'TRAIN_PCA_EIGVAL': [0.225, 0.224, 0.229],
          'TRAIN_PCA_EIGVEC': [[-0.5675, 0.7192, 0.4009],
                               [-0.5808, -0.0045, -0.814],
                               [-0.5836, -0.6948, 0.4203]],
          'USE_OFFSET_SAMPLING': False},
 'DATA_LOADER': {'ENABLE_MULTI_THREAD_DECODE': False,
                 'NUM_WORKERS': 8,
                 'PIN_MEMORY': True},
 'DEMO': {'BUFFER_SIZE': 0,
          'CLIP_VIS_SIZE': 10,
          'COMMON_CLASS_NAMES': ['watch (a person)',
                                 'talk to (e.g., self, a person, a group)',
                                 'listen to (a person)',
                                 'touch (an object)',
                                 'carry/hold (an object)',
                                 'walk',
                                 'sit',
                                 'lie/sleep',
                                 'bend/bow (at the waist)'],
          'COMMON_CLASS_THRES': 0.7,
          'DETECTRON2_CFG': 'COCO-Detection/faster_rcnn_R_50_FPN_3x.yaml',
          'DETECTRON2_THRESH': 0.9,
          'DETECTRON2_WEIGHTS': 'detectron2://COCO-Detection/faster_rcnn_R_50_FPN_3x/137849458/model_final_280758.pkl',
          'DISPLAY_HEIGHT': 0,
          'DISPLAY_WIDTH': 0,
          'ENABLE': False,
          'FPS': 30,
          'GT_BOXES': '',
          'INPUT_FORMAT': 'BGR',
          'INPUT_VIDEO': '',
          'LABEL_FILE_PATH': '',
          'NUM_CLIPS_SKIP': 0,
          'NUM_VIS_INSTANCES': 2,
          'OUTPUT_FILE': '',
          'OUTPUT_FPS': -1,
          'PREDS_BOXES': '',
          'SLOWMO': 1,
          'STARTING_SECOND': 900,
          'THREAD_ENABLE': False,
          'UNCOMMON_CLASS_THRES': 0.3,
          'VIS_MODE': 'thres',
          'WEBCAM': -1},
 'DETECTION': {'ALIGNED': True,
               'ENABLE': False,
               'ROI_XFORM_RESOLUTION': 7,
               'SPATIAL_SCALE_FACTOR': 16},
 'DIST_BACKEND': 'nccl',
 'LOG_MODEL_INFO': False,
 'LOG_PERIOD': 10,
 'MIXUP': {'ALPHA': 0.8,
           'CUTMIX_ALPHA': 1.0,
           'ENABLE': False,
           'LABEL_SMOOTH_VALUE': 0.1,
           'PROB': 1.0,
           'SWITCH_PROB': 0.5},
 'MODEL': {'ARCH': 'slowfast',
           'DROPCONNECT_RATE': 0.0,
           'DROPOUT_RATE': 0.5,
           'FC_INIT_STD': 0.01,
           'HEAD_ACT': 'sigmoid',
           'LOSS_FUNC': 'bce_logit',
           'MODEL_NAME': 'SlowFast',
           'MULTI_PATHWAY_ARCH': ['slowfast'],
           'NUM_CLASSES': 157,
           'SINGLE_PATHWAY_ARCH': ['2d', 'c2d', 'i3d', 'slow', 'x3d', 'mvit']},
 'MULTIGRID': {'BN_BASE_SIZE': 8,
               'DEFAULT_B': 0,
               'DEFAULT_S': 0,
               'DEFAULT_T': 0,
               'EPOCH_FACTOR': 1.5,
               'EVAL_FREQ': 3,
               'LONG_CYCLE': False,
               'LONG_CYCLE_FACTORS': [(0.25, 0.7071067811865476),
                                      (0.5, 0.7071067811865476),
                                      (0.5, 1),
                                      (1, 1)],
               'LONG_CYCLE_SAMPLING_RATE': 0,
               'SHORT_CYCLE': False,
               'SHORT_CYCLE_FACTORS': [0.5, 0.7071067811865476]},
 'MVIT': {'CLS_EMBED_ON': True,
          'DEPTH': 16,
          'DIM_MUL': [],
          'DROPOUT_RATE': 0.0,
          'DROPPATH_RATE': 0.1,
          'EMBED_DIM': 96,
          'HEAD_MUL': [],
          'MLP_RATIO': 4.0,
          'MODE': 'conv',
          'NORM': 'layernorm',
          'NORM_STEM': False,
          'NUM_HEADS': 1,
          'PATCH_2D': False,
          'PATCH_KERNEL': [3, 7, 7],
          'PATCH_PADDING': [2, 4, 4],
          'PATCH_STRIDE': [2, 4, 4],
          'POOL_FIRST': False,
          'POOL_KVQ_KERNEL': None,
          'POOL_KV_STRIDE': None,
          'POOL_KV_STRIDE_ADAPTIVE': None,
          'POOL_Q_STRIDE': [],
          'QKV_BIAS': True,
          'SEP_POS_EMBED': False,
          'ZERO_DECAY_POS_CLS': True},
 'NONLOCAL': {'GROUP': [[1, 1], [1, 1], [1, 1], [1, 1]],
              'INSTANTIATION': 'dot_product',
              'LOCATION': [[[], []], [[], []], [[], []], [[], []]],
              'POOL': [[[1, 2, 2], [1, 2, 2]],
                       [[1, 2, 2], [1, 2, 2]],
                       [[1, 2, 2], [1, 2, 2]],
                       [[1, 2, 2], [1, 2, 2]]]},
 'NUM_GPUS': 1,
 'NUM_SHARDS': 1,
 'OUTPUT_DIR': '.',
 'RESNET': {'DEPTH': 50,
            'INPLACE_RELU': True,
            'NUM_BLOCK_TEMP_KERNEL': [[3, 3], [4, 4], [6, 6], [3, 3]],
            'NUM_GROUPS': 1,
            'SPATIAL_DILATIONS': [[1, 1], [1, 1], [1, 1], [1, 1]],
            'SPATIAL_STRIDES': [[1, 1], [2, 2], [2, 2], [2, 2]],
            'STRIDE_1X1': False,
            'TRANS_FUNC': 'bottleneck_transform',
            'WIDTH_PER_GROUP': 64,
            'ZERO_INIT_FINAL_BN': True},
 'RNG_SEED': 0,
 'SHARD_ID': 0,
 'SLOWFAST': {'ALPHA': 4,
              'BETA_INV': 8,
              'FUSION_CONV_CHANNEL_RATIO': 2,
              'FUSION_KERNEL_SZ': 7},
 'SOLVER': {'BASE_LR': 0.0125,
            'BASE_LR_SCALE_NUM_SHARDS': False,
            'CLIP_GRAD_L2NORM': None,
            'CLIP_GRAD_VAL': None,
            'COSINE_AFTER_WARMUP': False,
            'COSINE_END_LR': 0.0,
            'DAMPENING': 0.0,
            'GAMMA': 0.1,
            'LRS': [1, 0.1, 0.01, 0.001, 0.0001, 1e-05],
            'LR_POLICY': 'steps_with_relative_lrs',
            'MAX_EPOCH': 57,
            'MOMENTUM': 0.9,
            'NESTEROV': True,
            'OPTIMIZING_METHOD': 'sgd',
            'STEPS': [0, 41, 49],
            'STEP_SIZE': 1,
            'WARMUP_EPOCHS': 4.0,
            'WARMUP_FACTOR': 0.1,
            'WARMUP_START_LR': 0.0001,
            'WEIGHT_DECAY': 0.0001,
            'ZERO_WD_1D_PARAM': False},
 'TENSORBOARD': {'CATEGORIES_PATH': '',
                 'CLASS_NAMES_PATH': '',
                 'CONFUSION_MATRIX': {'ENABLE': False,
                                      'FIGSIZE': [8, 8],
                                      'SUBSET_PATH': ''},
                 'ENABLE': False,
                 'HISTOGRAM': {'ENABLE': False,
                               'FIGSIZE': [8, 8],
                               'SUBSET_PATH': '',
                               'TOPK': 10},
                 'LOG_DIR': '',
                 'MODEL_VIS': {'ACTIVATIONS': False,
                               'COLORMAP': 'Pastel2',
                               'ENABLE': False,
                               'GRAD_CAM': {'COLORMAP': 'viridis',
                                            'ENABLE': True,
                                            'LAYER_LIST': [],
                                            'USE_TRUE_LABEL': False},
                               'INPUT_VIDEO': False,
                               'LAYER_LIST': [],
                               'MODEL_WEIGHTS': False,
                               'TOPK_PREDS': 1},
                 'PREDICTIONS_PATH': '',
                 'WRONG_PRED_VIS': {'ENABLE': False,
                                    'SUBSET_PATH': '',
                                    'TAG': 'Incorrectly classified videos.'}},
 'TEST': {'BATCH_SIZE': 16,
          'CHECKPOINT_FILE_PATH': '',
          'CHECKPOINT_TYPE': 'pytorch',
          'DATASET': 'charades',
          'ENABLE': True,
          'NUM_ENSEMBLE_VIEWS': 10,
          'NUM_SPATIAL_CROPS': 3,
          'SAVE_RESULTS_PATH': ''},
 'TRAIN': {'AUTO_RESUME': True,
           'BATCH_SIZE': 8,
           'CHECKPOINT_CLEAR_NAME_PATTERN': (),
           'CHECKPOINT_EPOCH_RESET': False,
           'CHECKPOINT_FILE_PATH': 'SLOWFAST_8x8_R50.pkl',
           'CHECKPOINT_INFLATE': False,
           'CHECKPOINT_PERIOD': 6,
           'CHECKPOINT_TYPE': 'caffe2',
           'DATASET': 'charades',
           'ENABLE': True,
           'EVAL_PERIOD': 6},
 'X3D': {'BN_LIN5': False,
         'BOTTLENECK_FACTOR': 1.0,
         'CHANNELWISE_3x3x3': True,
         'DEPTH_FACTOR': 1.0,
         'DIM_C1': 12,
         'DIM_C5': 2048,
         'SCALE_RES2': False,
         'WIDTH_FACTOR': 1.0}}
[08/02 20:38:51][INFO] train_net.py: 406: Train with config:
[08/02 20:38:51][INFO] train_net.py: 407: {'AUG': {'AA_TYPE': 'rand-m9-mstd0.5-inc1',
         'COLOR_JITTER': 0.4,
         'ENABLE': False,
         'INTERPOLATION': 'bicubic',
         'NUM_SAMPLE': 1,
         'RE_COUNT': 1,
         'RE_MODE': 'pixel',
         'RE_PROB': 0.25,
         'RE_SPLIT': False},
 'AVA': {'ANNOTATION_DIR': '/mnt/vol/gfsai-flash3-east/ai-group/users/haoqifan/ava/frame_list/',
         'BGR': False,
         'DETECTION_SCORE_THRESH': 0.9,
         'EXCLUSION_FILE': 'ava_val_excluded_timestamps_v2.2.csv',
         'FRAME_DIR': '/mnt/fair-flash3-east/ava_trainval_frames.img/',
         'FRAME_LIST_DIR': '/mnt/vol/gfsai-flash3-east/ai-group/users/haoqifan/ava/frame_list/',
         'FULL_TEST_ON_VAL': False,
         'GROUNDTRUTH_FILE': 'ava_val_v2.2.csv',
         'IMG_PROC_BACKEND': 'cv2',
         'LABEL_MAP_FILE': 'ava_action_list_v2.2_for_activitynet_2019.pbtxt',
         'TEST_FORCE_FLIP': False,
         'TEST_LISTS': ['val.csv'],
         'TEST_PREDICT_BOX_LISTS': ['ava_val_predicted_boxes.csv'],
         'TRAIN_GT_BOX_LISTS': ['ava_train_v2.2.csv'],
         'TRAIN_LISTS': ['train.csv'],
         'TRAIN_PCA_JITTER_ONLY': True,
         'TRAIN_PREDICT_BOX_LISTS': [],
         'TRAIN_USE_COLOR_AUGMENTATION': False},
 'BENCHMARK': CfgNode({'NUM_EPOCHS': 5, 'LOG_PERIOD': 100, 'SHUFFLE': True}),
 'BN': {'NORM_TYPE': 'sync_batchnorm',
        'NUM_BATCHES_PRECISE': 200,
        'NUM_SPLITS': 1,
        'NUM_SYNC_DEVICES': 4,
        'USE_PRECISE_STATS': True,
        'WEIGHT_DECAY': 0.0},
 'DATA': {'DECODING_BACKEND': 'pyav',
          'ENSEMBLE_METHOD': 'max',
          'INPUT_CHANNEL_NUM': [3, 3],
          'INV_UNIFORM_SAMPLE': True,
          'MEAN': [0.45, 0.45, 0.45],
          'MULTI_LABEL': True,
          'NUM_FRAMES': 64,
          'PATH_LABEL_SEPARATOR': ' ',
          'PATH_PREFIX': '/nvidia/datasets/charades/data',
          'PATH_TO_DATA_DIR': '/nvidia/datasets/charades/fl',
          'PATH_TO_PRELOAD_IMDB': '',
          'RANDOM_FLIP': True,
          'REVERSE_INPUT_CHANNEL': True,
          'SAMPLING_RATE': 2,
          'STD': [0.225, 0.225, 0.225],
          'TARGET_FPS': 30,
          'TEST_CROP_SIZE': 256,
          'TRAIN_CROP_SIZE': 224,
          'TRAIN_JITTER_ASPECT_RELATIVE': [],
          'TRAIN_JITTER_MOTION_SHIFT': False,
          'TRAIN_JITTER_SCALES': [256, 340],
          'TRAIN_JITTER_SCALES_RELATIVE': [],
          'TRAIN_PCA_EIGVAL': [0.225, 0.224, 0.229],
          'TRAIN_PCA_EIGVEC': [[-0.5675, 0.7192, 0.4009],
                               [-0.5808, -0.0045, -0.814],
                               [-0.5836, -0.6948, 0.4203]],
          'USE_OFFSET_SAMPLING': False},
 'DATA_LOADER': {'ENABLE_MULTI_THREAD_DECODE': False,
                 'NUM_WORKERS': 8,
                 'PIN_MEMORY': True},
 'DEMO': {'BUFFER_SIZE': 0,
          'CLIP_VIS_SIZE': 10,
          'COMMON_CLASS_NAMES': ['watch (a person)',
                                 'talk to (e.g., self, a person, a group)',
                                 'listen to (a person)',
                                 'touch (an object)',
                                 'carry/hold (an object)',
                                 'walk',
                                 'sit',
                                 'lie/sleep',
                                 'bend/bow (at the waist)'],
          'COMMON_CLASS_THRES': 0.7,
          'DETECTRON2_CFG': 'COCO-Detection/faster_rcnn_R_50_FPN_3x.yaml',
          'DETECTRON2_THRESH': 0.9,
          'DETECTRON2_WEIGHTS': 'detectron2://COCO-Detection/faster_rcnn_R_50_FPN_3x/137849458/model_final_280758.pkl',
          'DISPLAY_HEIGHT': 0,
          'DISPLAY_WIDTH': 0,
          'ENABLE': False,
          'FPS': 30,
          'GT_BOXES': '',
          'INPUT_FORMAT': 'BGR',
          'INPUT_VIDEO': '',
          'LABEL_FILE_PATH': '',
          'NUM_CLIPS_SKIP': 0,
          'NUM_VIS_INSTANCES': 2,
          'OUTPUT_FILE': '',
          'OUTPUT_FPS': -1,
          'PREDS_BOXES': '',
          'SLOWMO': 1,
          'STARTING_SECOND': 900,
          'THREAD_ENABLE': False,
          'UNCOMMON_CLASS_THRES': 0.3,
          'VIS_MODE': 'thres',
          'WEBCAM': -1},
 'DETECTION': {'ALIGNED': True,
               'ENABLE': False,
               'ROI_XFORM_RESOLUTION': 7,
               'SPATIAL_SCALE_FACTOR': 16},
 'DIST_BACKEND': 'nccl',
 'LOG_MODEL_INFO': False,
 'LOG_PERIOD': 10,
 'MIXUP': {'ALPHA': 0.8,
           'CUTMIX_ALPHA': 1.0,
           'ENABLE': False,
           'LABEL_SMOOTH_VALUE': 0.1,
           'PROB': 1.0,
           'SWITCH_PROB': 0.5},
 'MODEL': {'ARCH': 'slowfast',
           'DROPCONNECT_RATE': 0.0,
           'DROPOUT_RATE': 0.5,
           'FC_INIT_STD': 0.01,
           'HEAD_ACT': 'sigmoid',
           'LOSS_FUNC': 'bce_logit',
           'MODEL_NAME': 'SlowFast',
           'MULTI_PATHWAY_ARCH': ['slowfast'],
           'NUM_CLASSES': 157,
           'SINGLE_PATHWAY_ARCH': ['2d', 'c2d', 'i3d', 'slow', 'x3d', 'mvit']},
 'MULTIGRID': {'BN_BASE_SIZE': 8,
               'DEFAULT_B': 0,
               'DEFAULT_S': 0,
               'DEFAULT_T': 0,
               'EPOCH_FACTOR': 1.5,
               'EVAL_FREQ': 3,
               'LONG_CYCLE': False,
               'LONG_CYCLE_FACTORS': [(0.25, 0.7071067811865476),
                                      (0.5, 0.7071067811865476),
                                      (0.5, 1),
                                      (1, 1)],
               'LONG_CYCLE_SAMPLING_RATE': 0,
               'SHORT_CYCLE': False,
               'SHORT_CYCLE_FACTORS': [0.5, 0.7071067811865476]},
 'MVIT': {'CLS_EMBED_ON': True,
          'DEPTH': 16,
          'DIM_MUL': [],
          'DROPOUT_RATE': 0.0,
          'DROPPATH_RATE': 0.1,
          'EMBED_DIM': 96,
          'HEAD_MUL': [],
          'MLP_RATIO': 4.0,
          'MODE': 'conv',
          'NORM': 'layernorm',
          'NORM_STEM': False,
          'NUM_HEADS': 1,
          'PATCH_2D': False,
          'PATCH_KERNEL': [3, 7, 7],
          'PATCH_PADDING': [2, 4, 4],
          'PATCH_STRIDE': [2, 4, 4],
          'POOL_FIRST': False,
          'POOL_KVQ_KERNEL': None,
          'POOL_KV_STRIDE': None,
          'POOL_KV_STRIDE_ADAPTIVE': None,
          'POOL_Q_STRIDE': [],
          'QKV_BIAS': True,
          'SEP_POS_EMBED': False,
          'ZERO_DECAY_POS_CLS': True},
 'NONLOCAL': {'GROUP': [[1, 1], [1, 1], [1, 1], [1, 1]],
              'INSTANTIATION': 'dot_product',
              'LOCATION': [[[], []], [[], []], [[], []], [[], []]],
              'POOL': [[[1, 2, 2], [1, 2, 2]],
                       [[1, 2, 2], [1, 2, 2]],
                       [[1, 2, 2], [1, 2, 2]],
                       [[1, 2, 2], [1, 2, 2]]]},
 'NUM_GPUS': 1,
 'NUM_SHARDS': 1,
 'OUTPUT_DIR': '.',
 'RESNET': {'DEPTH': 50,
            'INPLACE_RELU': True,
            'NUM_BLOCK_TEMP_KERNEL': [[3, 3], [4, 4], [6, 6], [3, 3]],
            'NUM_GROUPS': 1,
            'SPATIAL_DILATIONS': [[1, 1], [1, 1], [1, 1], [1, 1]],
            'SPATIAL_STRIDES': [[1, 1], [2, 2], [2, 2], [2, 2]],
            'STRIDE_1X1': False,
            'TRANS_FUNC': 'bottleneck_transform',
            'WIDTH_PER_GROUP': 64,
            'ZERO_INIT_FINAL_BN': True},
 'RNG_SEED': 0,
 'SHARD_ID': 0,
 'SLOWFAST': {'ALPHA': 4,
              'BETA_INV': 8,
              'FUSION_CONV_CHANNEL_RATIO': 2,
              'FUSION_KERNEL_SZ': 7},
 'SOLVER': {'BASE_LR': 0.0375,
            'BASE_LR_SCALE_NUM_SHARDS': False,
            'CLIP_GRAD_L2NORM': None,
            'CLIP_GRAD_VAL': None,
            'COSINE_AFTER_WARMUP': False,
            'COSINE_END_LR': 0.0,
            'DAMPENING': 0.0,
            'GAMMA': 0.1,
            'LRS': [1, 0.1, 0.01, 0.001, 0.0001, 1e-05],
            'LR_POLICY': 'steps_with_relative_lrs',
            'MAX_EPOCH': 57,
            'MOMENTUM': 0.9,
            'NESTEROV': True,
            'OPTIMIZING_METHOD': 'sgd',
            'STEPS': [0, 41, 49],
            'STEP_SIZE': 1,
            'WARMUP_EPOCHS': 4.0,
            'WARMUP_FACTOR': 0.1,
            'WARMUP_START_LR': 0.0001,
            'WEIGHT_DECAY': 0.0001,
            'ZERO_WD_1D_PARAM': False},
 'TENSORBOARD': {'CATEGORIES_PATH': '',
                 'CLASS_NAMES_PATH': '',
                 'CONFUSION_MATRIX': {'ENABLE': False,
                                      'FIGSIZE': [8, 8],
                                      'SUBSET_PATH': ''},
                 'ENABLE': False,
                 'HISTOGRAM': {'ENABLE': False,
                               'FIGSIZE': [8, 8],
                               'SUBSET_PATH': '',
                               'TOPK': 10},
                 'LOG_DIR': '',
                 'MODEL_VIS': {'ACTIVATIONS': False,
                               'COLORMAP': 'Pastel2',
                               'ENABLE': False,
                               'GRAD_CAM': {'COLORMAP': 'viridis',
                                            'ENABLE': True,
                                            'LAYER_LIST': [],
                                            'USE_TRUE_LABEL': False},
                               'INPUT_VIDEO': False,
                               'LAYER_LIST': [],
                               'MODEL_WEIGHTS': False,
                               'TOPK_PREDS': 1},
                 'PREDICTIONS_PATH': '',
                 'WRONG_PRED_VIS': {'ENABLE': False,
                                    'SUBSET_PATH': '',
                                    'TAG': 'Incorrectly classified videos.'}},
 'TEST': {'BATCH_SIZE': 16,
          'CHECKPOINT_FILE_PATH': '',
          'CHECKPOINT_TYPE': 'pytorch',
          'DATASET': 'charades',
          'ENABLE': True,
          'NUM_ENSEMBLE_VIEWS': 10,
          'NUM_SPATIAL_CROPS': 3,
          'SAVE_RESULTS_PATH': ''},
 'TRAIN': {'AUTO_RESUME': True,
           'BATCH_SIZE': 16,
           'CHECKPOINT_CLEAR_NAME_PATTERN': (),
           'CHECKPOINT_EPOCH_RESET': False,
           'CHECKPOINT_FILE_PATH': 'SLOWFAST_8x8_R50.pkl',
           'CHECKPOINT_INFLATE': False,
           'CHECKPOINT_PERIOD': 6,
           'CHECKPOINT_TYPE': 'caffe2',
           'DATASET': 'charades',
           'ENABLE': True,
           'EVAL_PERIOD': 6},
 'X3D': {'BN_LIN5': False,
         'BOTTLENECK_FACTOR': 1.0,
         'CHANNELWISE_3x3x3': True,
         'DEPTH_FACTOR': 1.0,
         'DIM_C1': 12,
         'DIM_C5': 2048,
         'SCALE_RES2': False,
         'WIDTH_FACTOR': 1.0}}
[08/03 00:26:02][INFO] train_net.py: 406: Train with config:
[08/03 00:26:02][INFO] train_net.py: 407: {'AUG': {'AA_TYPE': 'rand-m9-mstd0.5-inc1',
         'COLOR_JITTER': 0.4,
         'ENABLE': False,
         'INTERPOLATION': 'bicubic',
         'NUM_SAMPLE': 1,
         'RE_COUNT': 1,
         'RE_MODE': 'pixel',
         'RE_PROB': 0.25,
         'RE_SPLIT': False},
 'AVA': {'ANNOTATION_DIR': '/mnt/vol/gfsai-flash3-east/ai-group/users/haoqifan/ava/frame_list/',
         'BGR': False,
         'DETECTION_SCORE_THRESH': 0.9,
         'EXCLUSION_FILE': 'ava_val_excluded_timestamps_v2.2.csv',
         'FRAME_DIR': '/mnt/fair-flash3-east/ava_trainval_frames.img/',
         'FRAME_LIST_DIR': '/mnt/vol/gfsai-flash3-east/ai-group/users/haoqifan/ava/frame_list/',
         'FULL_TEST_ON_VAL': False,
         'GROUNDTRUTH_FILE': 'ava_val_v2.2.csv',
         'IMG_PROC_BACKEND': 'cv2',
         'LABEL_MAP_FILE': 'ava_action_list_v2.2_for_activitynet_2019.pbtxt',
         'TEST_FORCE_FLIP': False,
         'TEST_LISTS': ['val.csv'],
         'TEST_PREDICT_BOX_LISTS': ['ava_val_predicted_boxes.csv'],
         'TRAIN_GT_BOX_LISTS': ['ava_train_v2.2.csv'],
         'TRAIN_LISTS': ['train.csv'],
         'TRAIN_PCA_JITTER_ONLY': True,
         'TRAIN_PREDICT_BOX_LISTS': [],
         'TRAIN_USE_COLOR_AUGMENTATION': False},
 'BENCHMARK': CfgNode({'NUM_EPOCHS': 5, 'LOG_PERIOD': 100, 'SHUFFLE': True}),
 'BN': {'NORM_TYPE': 'sync_batchnorm',
        'NUM_BATCHES_PRECISE': 200,
        'NUM_SPLITS': 1,
        'NUM_SYNC_DEVICES': 4,
        'USE_PRECISE_STATS': True,
        'WEIGHT_DECAY': 0.0},
 'DATA': {'DECODING_BACKEND': 'pyav',
          'ENSEMBLE_METHOD': 'max',
          'INPUT_CHANNEL_NUM': [3, 3],
          'INV_UNIFORM_SAMPLE': True,
          'MEAN': [0.45, 0.45, 0.45],
          'MULTI_LABEL': True,
          'NUM_FRAMES': 64,
          'PATH_LABEL_SEPARATOR': ' ',
          'PATH_PREFIX': '/nvidia/datasets/charades/data',
          'PATH_TO_DATA_DIR': '/nvidia/datasets/charades/fl',
          'PATH_TO_PRELOAD_IMDB': '',
          'RANDOM_FLIP': True,
          'REVERSE_INPUT_CHANNEL': True,
          'SAMPLING_RATE': 2,
          'STD': [0.225, 0.225, 0.225],
          'TARGET_FPS': 30,
          'TEST_CROP_SIZE': 256,
          'TRAIN_CROP_SIZE': 224,
          'TRAIN_JITTER_ASPECT_RELATIVE': [],
          'TRAIN_JITTER_MOTION_SHIFT': False,
          'TRAIN_JITTER_SCALES': [256, 340],
          'TRAIN_JITTER_SCALES_RELATIVE': [],
          'TRAIN_PCA_EIGVAL': [0.225, 0.224, 0.229],
          'TRAIN_PCA_EIGVEC': [[-0.5675, 0.7192, 0.4009],
                               [-0.5808, -0.0045, -0.814],
                               [-0.5836, -0.6948, 0.4203]],
          'USE_OFFSET_SAMPLING': False},
 'DATA_LOADER': {'ENABLE_MULTI_THREAD_DECODE': False,
                 'NUM_WORKERS': 8,
                 'PIN_MEMORY': True},
 'DEMO': {'BUFFER_SIZE': 0,
          'CLIP_VIS_SIZE': 10,
          'COMMON_CLASS_NAMES': ['watch (a person)',
                                 'talk to (e.g., self, a person, a group)',
                                 'listen to (a person)',
                                 'touch (an object)',
                                 'carry/hold (an object)',
                                 'walk',
                                 'sit',
                                 'lie/sleep',
                                 'bend/bow (at the waist)'],
          'COMMON_CLASS_THRES': 0.7,
          'DETECTRON2_CFG': 'COCO-Detection/faster_rcnn_R_50_FPN_3x.yaml',
          'DETECTRON2_THRESH': 0.9,
          'DETECTRON2_WEIGHTS': 'detectron2://COCO-Detection/faster_rcnn_R_50_FPN_3x/137849458/model_final_280758.pkl',
          'DISPLAY_HEIGHT': 0,
          'DISPLAY_WIDTH': 0,
          'ENABLE': False,
          'FPS': 30,
          'GT_BOXES': '',
          'INPUT_FORMAT': 'BGR',
          'INPUT_VIDEO': '',
          'LABEL_FILE_PATH': '',
          'NUM_CLIPS_SKIP': 0,
          'NUM_VIS_INSTANCES': 2,
          'OUTPUT_FILE': '',
          'OUTPUT_FPS': -1,
          'PREDS_BOXES': '',
          'SLOWMO': 1,
          'STARTING_SECOND': 900,
          'THREAD_ENABLE': False,
          'UNCOMMON_CLASS_THRES': 0.3,
          'VIS_MODE': 'thres',
          'WEBCAM': -1},
 'DETECTION': {'ALIGNED': True,
               'ENABLE': False,
               'ROI_XFORM_RESOLUTION': 7,
               'SPATIAL_SCALE_FACTOR': 16},
 'DIST_BACKEND': 'nccl',
 'LOG_MODEL_INFO': False,
 'LOG_PERIOD': 10,
 'MIXUP': {'ALPHA': 0.8,
           'CUTMIX_ALPHA': 1.0,
           'ENABLE': False,
           'LABEL_SMOOTH_VALUE': 0.1,
           'PROB': 1.0,
           'SWITCH_PROB': 0.5},
 'MODEL': {'ARCH': 'slowfast',
           'DROPCONNECT_RATE': 0.0,
           'DROPOUT_RATE': 0.5,
           'FC_INIT_STD': 0.01,
           'HEAD_ACT': 'sigmoid',
           'LOSS_FUNC': 'bce_logit',
           'MODEL_NAME': 'SlowFast',
           'MULTI_PATHWAY_ARCH': ['slowfast'],
           'NUM_CLASSES': 157,
           'SINGLE_PATHWAY_ARCH': ['2d', 'c2d', 'i3d', 'slow', 'x3d', 'mvit']},
 'MULTIGRID': {'BN_BASE_SIZE': 8,
               'DEFAULT_B': 0,
               'DEFAULT_S': 0,
               'DEFAULT_T': 0,
               'EPOCH_FACTOR': 1.5,
               'EVAL_FREQ': 3,
               'LONG_CYCLE': False,
               'LONG_CYCLE_FACTORS': [(0.25, 0.7071067811865476),
                                      (0.5, 0.7071067811865476),
                                      (0.5, 1),
                                      (1, 1)],
               'LONG_CYCLE_SAMPLING_RATE': 0,
               'SHORT_CYCLE': False,
               'SHORT_CYCLE_FACTORS': [0.5, 0.7071067811865476]},
 'MVIT': {'CLS_EMBED_ON': True,
          'DEPTH': 16,
          'DIM_MUL': [],
          'DROPOUT_RATE': 0.0,
          'DROPPATH_RATE': 0.1,
          'EMBED_DIM': 96,
          'HEAD_MUL': [],
          'MLP_RATIO': 4.0,
          'MODE': 'conv',
          'NORM': 'layernorm',
          'NORM_STEM': False,
          'NUM_HEADS': 1,
          'PATCH_2D': False,
          'PATCH_KERNEL': [3, 7, 7],
          'PATCH_PADDING': [2, 4, 4],
          'PATCH_STRIDE': [2, 4, 4],
          'POOL_FIRST': False,
          'POOL_KVQ_KERNEL': None,
          'POOL_KV_STRIDE': None,
          'POOL_KV_STRIDE_ADAPTIVE': None,
          'POOL_Q_STRIDE': [],
          'QKV_BIAS': True,
          'SEP_POS_EMBED': False,
          'ZERO_DECAY_POS_CLS': True},
 'NONLOCAL': {'GROUP': [[1, 1], [1, 1], [1, 1], [1, 1]],
              'INSTANTIATION': 'dot_product',
              'LOCATION': [[[], []], [[], []], [[], []], [[], []]],
              'POOL': [[[1, 2, 2], [1, 2, 2]],
                       [[1, 2, 2], [1, 2, 2]],
                       [[1, 2, 2], [1, 2, 2]],
                       [[1, 2, 2], [1, 2, 2]]]},
 'NUM_GPUS': 8,
 'NUM_SHARDS': 1,
 'OUTPUT_DIR': '.',
 'RESNET': {'DEPTH': 50,
            'INPLACE_RELU': True,
            'NUM_BLOCK_TEMP_KERNEL': [[3, 3], [4, 4], [6, 6], [3, 3]],
            'NUM_GROUPS': 1,
            'SPATIAL_DILATIONS': [[1, 1], [1, 1], [1, 1], [1, 1]],
            'SPATIAL_STRIDES': [[1, 1], [2, 2], [2, 2], [2, 2]],
            'STRIDE_1X1': False,
            'TRANS_FUNC': 'bottleneck_transform',
            'WIDTH_PER_GROUP': 64,
            'ZERO_INIT_FINAL_BN': True},
 'RNG_SEED': 0,
 'SHARD_ID': 0,
 'SLOWFAST': {'ALPHA': 4,
              'BETA_INV': 8,
              'FUSION_CONV_CHANNEL_RATIO': 2,
              'FUSION_KERNEL_SZ': 7},
 'SOLVER': {'BASE_LR': 0.0375,
            'BASE_LR_SCALE_NUM_SHARDS': False,
            'CLIP_GRAD_L2NORM': None,
            'CLIP_GRAD_VAL': None,
            'COSINE_AFTER_WARMUP': False,
            'COSINE_END_LR': 0.0,
            'DAMPENING': 0.0,
            'GAMMA': 0.1,
            'LRS': [1, 0.1, 0.01, 0.001, 0.0001, 1e-05],
            'LR_POLICY': 'steps_with_relative_lrs',
            'MAX_EPOCH': 57,
            'MOMENTUM': 0.9,
            'NESTEROV': True,
            'OPTIMIZING_METHOD': 'sgd',
            'STEPS': [0, 41, 49],
            'STEP_SIZE': 1,
            'WARMUP_EPOCHS': 4.0,
            'WARMUP_FACTOR': 0.1,
            'WARMUP_START_LR': 0.0001,
            'WEIGHT_DECAY': 0.0001,
            'ZERO_WD_1D_PARAM': False},
 'TENSORBOARD': {'CATEGORIES_PATH': '',
                 'CLASS_NAMES_PATH': '',
                 'CONFUSION_MATRIX': {'ENABLE': False,
                                      'FIGSIZE': [8, 8],
                                      'SUBSET_PATH': ''},
                 'ENABLE': False,
                 'HISTOGRAM': {'ENABLE': False,
                               'FIGSIZE': [8, 8],
                               'SUBSET_PATH': '',
                               'TOPK': 10},
                 'LOG_DIR': '',
                 'MODEL_VIS': {'ACTIVATIONS': False,
                               'COLORMAP': 'Pastel2',
                               'ENABLE': False,
                               'GRAD_CAM': {'COLORMAP': 'viridis',
                                            'ENABLE': True,
                                            'LAYER_LIST': [],
                                            'USE_TRUE_LABEL': False},
                               'INPUT_VIDEO': False,
                               'LAYER_LIST': [],
                               'MODEL_WEIGHTS': False,
                               'TOPK_PREDS': 1},
                 'PREDICTIONS_PATH': '',
                 'WRONG_PRED_VIS': {'ENABLE': False,
                                    'SUBSET_PATH': '',
                                    'TAG': 'Incorrectly classified videos.'}},
 'TEST': {'BATCH_SIZE': 16,
          'CHECKPOINT_FILE_PATH': '',
          'CHECKPOINT_TYPE': 'pytorch',
          'DATASET': 'charades',
          'ENABLE': True,
          'NUM_ENSEMBLE_VIEWS': 10,
          'NUM_SPATIAL_CROPS': 3,
          'SAVE_RESULTS_PATH': ''},
 'TRAIN': {'AUTO_RESUME': True,
           'BATCH_SIZE': 16,
           'CHECKPOINT_CLEAR_NAME_PATTERN': (),
           'CHECKPOINT_EPOCH_RESET': False,
           'CHECKPOINT_FILE_PATH': 'SLOWFAST_8x8_R50.pkl',
           'CHECKPOINT_INFLATE': False,
           'CHECKPOINT_PERIOD': 6,
           'CHECKPOINT_TYPE': 'caffe2',
           'DATASET': 'charades',
           'ENABLE': True,
           'EVAL_PERIOD': 6},
 'X3D': {'BN_LIN5': False,
         'BOTTLENECK_FACTOR': 1.0,
         'CHANNELWISE_3x3x3': True,
         'DEPTH_FACTOR': 1.0,
         'DIM_C1': 12,
         'DIM_C5': 2048,
         'SCALE_RES2': False,
         'WIDTH_FACTOR': 1.0}}
[08/03 00:27:41][INFO] train_net.py: 406: Train with config:
[08/03 00:27:41][INFO] train_net.py: 407: {'AUG': {'AA_TYPE': 'rand-m9-mstd0.5-inc1',
         'COLOR_JITTER': 0.4,
         'ENABLE': False,
         'INTERPOLATION': 'bicubic',
         'NUM_SAMPLE': 1,
         'RE_COUNT': 1,
         'RE_MODE': 'pixel',
         'RE_PROB': 0.25,
         'RE_SPLIT': False},
 'AVA': {'ANNOTATION_DIR': '/mnt/vol/gfsai-flash3-east/ai-group/users/haoqifan/ava/frame_list/',
         'BGR': False,
         'DETECTION_SCORE_THRESH': 0.9,
         'EXCLUSION_FILE': 'ava_val_excluded_timestamps_v2.2.csv',
         'FRAME_DIR': '/mnt/fair-flash3-east/ava_trainval_frames.img/',
         'FRAME_LIST_DIR': '/mnt/vol/gfsai-flash3-east/ai-group/users/haoqifan/ava/frame_list/',
         'FULL_TEST_ON_VAL': False,
         'GROUNDTRUTH_FILE': 'ava_val_v2.2.csv',
         'IMG_PROC_BACKEND': 'cv2',
         'LABEL_MAP_FILE': 'ava_action_list_v2.2_for_activitynet_2019.pbtxt',
         'TEST_FORCE_FLIP': False,
         'TEST_LISTS': ['val.csv'],
         'TEST_PREDICT_BOX_LISTS': ['ava_val_predicted_boxes.csv'],
         'TRAIN_GT_BOX_LISTS': ['ava_train_v2.2.csv'],
         'TRAIN_LISTS': ['train.csv'],
         'TRAIN_PCA_JITTER_ONLY': True,
         'TRAIN_PREDICT_BOX_LISTS': [],
         'TRAIN_USE_COLOR_AUGMENTATION': False},
 'BENCHMARK': CfgNode({'NUM_EPOCHS': 5, 'LOG_PERIOD': 100, 'SHUFFLE': True}),
 'BN': {'NORM_TYPE': 'sync_batchnorm',
        'NUM_BATCHES_PRECISE': 200,
        'NUM_SPLITS': 1,
        'NUM_SYNC_DEVICES': 4,
        'USE_PRECISE_STATS': True,
        'WEIGHT_DECAY': 0.0},
 'DATA': {'DECODING_BACKEND': 'pyav',
          'ENSEMBLE_METHOD': 'max',
          'INPUT_CHANNEL_NUM': [3, 3],
          'INV_UNIFORM_SAMPLE': True,
          'MEAN': [0.45, 0.45, 0.45],
          'MULTI_LABEL': True,
          'NUM_FRAMES': 64,
          'PATH_LABEL_SEPARATOR': ' ',
          'PATH_PREFIX': '/nvidia/datasets/charades/data',
          'PATH_TO_DATA_DIR': '/nvidia/datasets/charades/fl',
          'PATH_TO_PRELOAD_IMDB': '',
          'RANDOM_FLIP': True,
          'REVERSE_INPUT_CHANNEL': True,
          'SAMPLING_RATE': 2,
          'STD': [0.225, 0.225, 0.225],
          'TARGET_FPS': 30,
          'TEST_CROP_SIZE': 256,
          'TRAIN_CROP_SIZE': 224,
          'TRAIN_JITTER_ASPECT_RELATIVE': [],
          'TRAIN_JITTER_MOTION_SHIFT': False,
          'TRAIN_JITTER_SCALES': [256, 340],
          'TRAIN_JITTER_SCALES_RELATIVE': [],
          'TRAIN_PCA_EIGVAL': [0.225, 0.224, 0.229],
          'TRAIN_PCA_EIGVEC': [[-0.5675, 0.7192, 0.4009],
                               [-0.5808, -0.0045, -0.814],
                               [-0.5836, -0.6948, 0.4203]],
          'USE_OFFSET_SAMPLING': False},
 'DATA_LOADER': {'ENABLE_MULTI_THREAD_DECODE': False,
                 'NUM_WORKERS': 8,
                 'PIN_MEMORY': True},
 'DEMO': {'BUFFER_SIZE': 0,
          'CLIP_VIS_SIZE': 10,
          'COMMON_CLASS_NAMES': ['watch (a person)',
                                 'talk to (e.g., self, a person, a group)',
                                 'listen to (a person)',
                                 'touch (an object)',
                                 'carry/hold (an object)',
                                 'walk',
                                 'sit',
                                 'lie/sleep',
                                 'bend/bow (at the waist)'],
          'COMMON_CLASS_THRES': 0.7,
          'DETECTRON2_CFG': 'COCO-Detection/faster_rcnn_R_50_FPN_3x.yaml',
          'DETECTRON2_THRESH': 0.9,
          'DETECTRON2_WEIGHTS': 'detectron2://COCO-Detection/faster_rcnn_R_50_FPN_3x/137849458/model_final_280758.pkl',
          'DISPLAY_HEIGHT': 0,
          'DISPLAY_WIDTH': 0,
          'ENABLE': False,
          'FPS': 30,
          'GT_BOXES': '',
          'INPUT_FORMAT': 'BGR',
          'INPUT_VIDEO': '',
          'LABEL_FILE_PATH': '',
          'NUM_CLIPS_SKIP': 0,
          'NUM_VIS_INSTANCES': 2,
          'OUTPUT_FILE': '',
          'OUTPUT_FPS': -1,
          'PREDS_BOXES': '',
          'SLOWMO': 1,
          'STARTING_SECOND': 900,
          'THREAD_ENABLE': False,
          'UNCOMMON_CLASS_THRES': 0.3,
          'VIS_MODE': 'thres',
          'WEBCAM': -1},
 'DETECTION': {'ALIGNED': True,
               'ENABLE': False,
               'ROI_XFORM_RESOLUTION': 7,
               'SPATIAL_SCALE_FACTOR': 16},
 'DIST_BACKEND': 'nccl',
 'LOG_MODEL_INFO': False,
 'LOG_PERIOD': 10,
 'MIXUP': {'ALPHA': 0.8,
           'CUTMIX_ALPHA': 1.0,
           'ENABLE': False,
           'LABEL_SMOOTH_VALUE': 0.1,
           'PROB': 1.0,
           'SWITCH_PROB': 0.5},
 'MODEL': {'ARCH': 'slowfast',
           'DROPCONNECT_RATE': 0.0,
           'DROPOUT_RATE': 0.5,
           'FC_INIT_STD': 0.01,
           'HEAD_ACT': 'sigmoid',
           'LOSS_FUNC': 'bce_logit',
           'MODEL_NAME': 'SlowFast',
           'MULTI_PATHWAY_ARCH': ['slowfast'],
           'NUM_CLASSES': 157,
           'SINGLE_PATHWAY_ARCH': ['2d', 'c2d', 'i3d', 'slow', 'x3d', 'mvit']},
 'MULTIGRID': {'BN_BASE_SIZE': 8,
               'DEFAULT_B': 0,
               'DEFAULT_S': 0,
               'DEFAULT_T': 0,
               'EPOCH_FACTOR': 1.5,
               'EVAL_FREQ': 3,
               'LONG_CYCLE': False,
               'LONG_CYCLE_FACTORS': [(0.25, 0.7071067811865476),
                                      (0.5, 0.7071067811865476),
                                      (0.5, 1),
                                      (1, 1)],
               'LONG_CYCLE_SAMPLING_RATE': 0,
               'SHORT_CYCLE': False,
               'SHORT_CYCLE_FACTORS': [0.5, 0.7071067811865476]},
 'MVIT': {'CLS_EMBED_ON': True,
          'DEPTH': 16,
          'DIM_MUL': [],
          'DROPOUT_RATE': 0.0,
          'DROPPATH_RATE': 0.1,
          'EMBED_DIM': 96,
          'HEAD_MUL': [],
          'MLP_RATIO': 4.0,
          'MODE': 'conv',
          'NORM': 'layernorm',
          'NORM_STEM': False,
          'NUM_HEADS': 1,
          'PATCH_2D': False,
          'PATCH_KERNEL': [3, 7, 7],
          'PATCH_PADDING': [2, 4, 4],
          'PATCH_STRIDE': [2, 4, 4],
          'POOL_FIRST': False,
          'POOL_KVQ_KERNEL': None,
          'POOL_KV_STRIDE': None,
          'POOL_KV_STRIDE_ADAPTIVE': None,
          'POOL_Q_STRIDE': [],
          'QKV_BIAS': True,
          'SEP_POS_EMBED': False,
          'ZERO_DECAY_POS_CLS': True},
 'NONLOCAL': {'GROUP': [[1, 1], [1, 1], [1, 1], [1, 1]],
              'INSTANTIATION': 'dot_product',
              'LOCATION': [[[], []], [[], []], [[], []], [[], []]],
              'POOL': [[[1, 2, 2], [1, 2, 2]],
                       [[1, 2, 2], [1, 2, 2]],
                       [[1, 2, 2], [1, 2, 2]],
                       [[1, 2, 2], [1, 2, 2]]]},
 'NUM_GPUS': 8,
 'NUM_SHARDS': 1,
 'OUTPUT_DIR': '.',
 'RESNET': {'DEPTH': 50,
            'INPLACE_RELU': True,
            'NUM_BLOCK_TEMP_KERNEL': [[3, 3], [4, 4], [6, 6], [3, 3]],
            'NUM_GROUPS': 1,
            'SPATIAL_DILATIONS': [[1, 1], [1, 1], [1, 1], [1, 1]],
            'SPATIAL_STRIDES': [[1, 1], [2, 2], [2, 2], [2, 2]],
            'STRIDE_1X1': False,
            'TRANS_FUNC': 'bottleneck_transform',
            'WIDTH_PER_GROUP': 64,
            'ZERO_INIT_FINAL_BN': True},
 'RNG_SEED': 0,
 'SHARD_ID': 0,
 'SLOWFAST': {'ALPHA': 4,
              'BETA_INV': 8,
              'FUSION_CONV_CHANNEL_RATIO': 2,
              'FUSION_KERNEL_SZ': 7},
 'SOLVER': {'BASE_LR': 0.0375,
            'BASE_LR_SCALE_NUM_SHARDS': False,
            'CLIP_GRAD_L2NORM': None,
            'CLIP_GRAD_VAL': None,
            'COSINE_AFTER_WARMUP': False,
            'COSINE_END_LR': 0.0,
            'DAMPENING': 0.0,
            'GAMMA': 0.1,
            'LRS': [1, 0.1, 0.01, 0.001, 0.0001, 1e-05],
            'LR_POLICY': 'steps_with_relative_lrs',
            'MAX_EPOCH': 57,
            'MOMENTUM': 0.9,
            'NESTEROV': True,
            'OPTIMIZING_METHOD': 'sgd',
            'STEPS': [0, 41, 49],
            'STEP_SIZE': 1,
            'WARMUP_EPOCHS': 4.0,
            'WARMUP_FACTOR': 0.1,
            'WARMUP_START_LR': 0.0001,
            'WEIGHT_DECAY': 0.0001,
            'ZERO_WD_1D_PARAM': False},
 'TENSORBOARD': {'CATEGORIES_PATH': '',
                 'CLASS_NAMES_PATH': '',
                 'CONFUSION_MATRIX': {'ENABLE': False,
                                      'FIGSIZE': [8, 8],
                                      'SUBSET_PATH': ''},
                 'ENABLE': False,
                 'HISTOGRAM': {'ENABLE': False,
                               'FIGSIZE': [8, 8],
                               'SUBSET_PATH': '',
                               'TOPK': 10},
                 'LOG_DIR': '',
                 'MODEL_VIS': {'ACTIVATIONS': False,
                               'COLORMAP': 'Pastel2',
                               'ENABLE': False,
                               'GRAD_CAM': {'COLORMAP': 'viridis',
                                            'ENABLE': True,
                                            'LAYER_LIST': [],
                                            'USE_TRUE_LABEL': False},
                               'INPUT_VIDEO': False,
                               'LAYER_LIST': [],
                               'MODEL_WEIGHTS': False,
                               'TOPK_PREDS': 1},
                 'PREDICTIONS_PATH': '',
                 'WRONG_PRED_VIS': {'ENABLE': False,
                                    'SUBSET_PATH': '',
                                    'TAG': 'Incorrectly classified videos.'}},
 'TEST': {'BATCH_SIZE': 16,
          'CHECKPOINT_FILE_PATH': '',
          'CHECKPOINT_TYPE': 'pytorch',
          'DATASET': 'charades',
          'ENABLE': True,
          'NUM_ENSEMBLE_VIEWS': 10,
          'NUM_SPATIAL_CROPS': 3,
          'SAVE_RESULTS_PATH': ''},
 'TRAIN': {'AUTO_RESUME': True,
           'BATCH_SIZE': 16,
           'CHECKPOINT_CLEAR_NAME_PATTERN': (),
           'CHECKPOINT_EPOCH_RESET': False,
           'CHECKPOINT_FILE_PATH': 'SLOWFAST_8x8_R50.pkl',
           'CHECKPOINT_INFLATE': False,
           'CHECKPOINT_PERIOD': 6,
           'CHECKPOINT_TYPE': 'caffe2',
           'DATASET': 'charades',
           'ENABLE': True,
           'EVAL_PERIOD': 6},
 'X3D': {'BN_LIN5': False,
         'BOTTLENECK_FACTOR': 1.0,
         'CHANNELWISE_3x3x3': True,
         'DEPTH_FACTOR': 1.0,
         'DIM_C1': 12,
         'DIM_C5': 2048,
         'SCALE_RES2': False,
         'WIDTH_FACTOR': 1.0}}
